{"numTotalTestSuites":23,"numPassedTestSuites":22,"numFailedTestSuites":1,"numPendingTestSuites":0,"numTotalTests":96,"numPassedTests":96,"numFailedTests":0,"numPendingTests":0,"numTodoTests":0,"startTime":1788815292999,"success":false,"testResults":[{"assertionResults":[{"ancestorTitles":[""],"fullName":" lists a required policy for every exported API method and detects missing policies","status":"passed","title":"lists a required policy for every exported API method and detects missing policies","duration":43,"failureMessages":[]}],"startTime":1788815294452,"endTime":1788815294495,"status":"passed","message":"","name":"C:/Users/17175/.codex-work/whats-poppin-p00-20260907/tests/api-policy-inventory.test.ts"},{"assertionResults":[{"ancestorTitles":[""],"fullName":" event detail reloads only when the event ID changes","status":"passed","title":"event detail reloads only when the event ID changes","duration":19,"failureMessages":[]},{"ancestorTitles":[""],"fullName":" design requests follow the event ID, not params object identity","status":"passed","title":"design requests follow the event ID, not params object identity","duration":5,"failureMessages":[]},{"ancestorTitles":[""],"fullName":" recommendations reload for user and limit changes without a render loop","status":"passed","title":"recommendations reload for user and limit changes without a render loop","duration":4,"failureMessages":[]},{"ancestorTitles":[""],"fullName":" assistant starts once per opening, not on unrelated renders","status":"passed","title":"assistant starts once per opening, not on unrelated renders","duration":8,"failureMessages":[]}],"startTime":1788815294803,"endTime":1788815294840,"status":"passed","message":"","name":"C:/Users/17175/.codex-work/whats-poppin-p00-20260907/tests/component-lifecycle.test.tsx"},{"assertionResults":[{"ancestorTitles":[""],"fullName":" delays search and cancels obsolete work on cleanup","status":"passed","title":"delays search and cancels obsolete work on cleanup","duration":10,"failureMessages":[]}],"startTime":1788815294437,"endTime":1788815294447,"status":"passed","message":"","name":"C:/Users/17175/.codex-work/whats-poppin-p00-20260907/tests/search-debounce.test.ts"},{"assertionResults":[],"startTime":1788815292999,"endTime":1788815292999,"status":"failed","message":"MOBILE_TEST_MUST_NOT_ENTER_WEB","name":"C:/Users/17175/.codex-work/whats-poppin-p00-20260907/apps/mobile/boundary-canary.test.ts"},{"assertionResults":[{"ancestorTitles":["","AI Embeddings Module","generateEmbedding"],"fullName":" AI Embeddings Module generateEmbedding should generate embedding for valid text","status":"passed","title":"should generate embedding for valid text","duration":5,"failureMessages":[]},{"ancestorTitles":["","AI Embeddings Module","generateEmbedding"],"fullName":" AI Embeddings Module generateEmbedding should throw error for empty text","status":"passed","title":"should throw error for empty text","duration":2,"failureMessages":[]},{"ancestorTitles":["","AI Embeddings Module","generateEmbedding"],"fullName":" AI Embeddings Module generateEmbedding should throw error for text longer than 8000 chars","status":"passed","title":"should throw error for text longer than 8000 chars","duration":1,"failureMessages":[]},{"ancestorTitles":["","AI Embeddings Module","generateEventEmbedding"],"fullName":" AI Embeddings Module generateEventEmbedding should generate embedding from event data","status":"passed","title":"should generate embedding from event data","duration":1,"failureMessages":[]},{"ancestorTitles":["","AI Embeddings Module","generateEventEmbedding"],"fullName":" AI Embeddings Module generateEventEmbedding should throw error for event without title","status":"passed","title":"should throw error for event without title","duration":0,"failureMessages":[]},{"ancestorTitles":["","AI Embeddings Module","generateEventEmbedding"],"fullName":" AI Embeddings Module generateEventEmbedding should handle event with minimal data","status":"passed","title":"should handle event with minimal data","duration":1,"failureMessages":[]},{"ancestorTitles":["","AI Embeddings Module","getEmbeddingMetadata"],"fullName":" AI Embeddings Module getEmbeddingMetadata should return correct metadata","status":"passed","title":"should return correct metadata","duration":0,"failureMessages":[]}],"startTime":1788815294247,"endTime":1788815294257,"status":"passed","message":"","name":"C:/Users/17175/.codex-work/whats-poppin-p00-20260907/tests/ai/embeddings.test.ts"},{"assertionResults":[{"ancestorTitles":["","Vector Utilities","dotProduct"],"fullName":" Vector Utilities dotProduct should calculate dot product correctly","status":"passed","title":"should calculate dot product correctly","duration":2,"failureMessages":[]},{"ancestorTitles":["","Vector Utilities","dotProduct"],"fullName":" Vector Utilities dotProduct should throw error for mismatched dimensions","status":"passed","title":"should throw error for mismatched dimensions","duration":1,"failureMessages":[]},{"ancestorTitles":["","Vector Utilities","vectorMagnitude"],"fullName":" Vector Utilities vectorMagnitude should calculate magnitude correctly","status":"passed","title":"should calculate magnitude correctly","duration":0,"failureMessages":[]},{"ancestorTitles":["","Vector Utilities","vectorMagnitude"],"fullName":" Vector Utilities vectorMagnitude should throw error for zero vector","status":"passed","title":"should throw error for zero vector","duration":1,"failureMessages":[]},{"ancestorTitles":["","Vector Utilities","normalizeVector"],"fullName":" Vector Utilities normalizeVector should normalize vector to unit length","status":"passed","title":"should normalize vector to unit length","duration":0,"failureMessages":[]},{"ancestorTitles":["","Vector Utilities","calculateCosineSimilarity"],"fullName":" Vector Utilities calculateCosineSimilarity should calculate similarity for identical vectors","status":"passed","title":"should calculate similarity for identical vectors","duration":1,"failureMessages":[]},{"ancestorTitles":["","Vector Utilities","calculateCosineSimilarity"],"fullName":" Vector Utilities calculateCosineSimilarity should calculate similarity for orthogonal vectors","status":"passed","title":"should calculate similarity for orthogonal vectors","duration":0,"failureMessages":[]},{"ancestorTitles":["","Vector Utilities","euclideanDistance"],"fullName":" Vector Utilities euclideanDistance should calculate distance correctly","status":"passed","title":"should calculate distance correctly","duration":0,"failureMessages":[]},{"ancestorTitles":["","Vector Utilities","chunkArray"],"fullName":" Vector Utilities chunkArray should split array into chunks","status":"passed","title":"should split array into chunks","duration":2,"failureMessages":[]},{"ancestorTitles":["","Vector Utilities","chunkArray"],"fullName":" Vector Utilities chunkArray should throw error for invalid chunk size","status":"passed","title":"should throw error for invalid chunk size","duration":0,"failureMessages":[]},{"ancestorTitles":["","Vector Utilities","averageVectors"],"fullName":" Vector Utilities averageVectors should average vectors correctly","status":"passed","title":"should average vectors correctly","duration":1,"failureMessages":[]},{"ancestorTitles":["","Vector Utilities","averageVectors"],"fullName":" Vector Utilities averageVectors should throw error for empty array","status":"passed","title":"should throw error for empty array","duration":0,"failureMessages":[]},{"ancestorTitles":["","Vector Utilities","weightedAverageVectors"],"fullName":" Vector Utilities weightedAverageVectors should compute weighted average correctly","status":"passed","title":"should compute weighted average correctly","duration":1,"failureMessages":[]},{"ancestorTitles":["","Vector Utilities","weightedAverageVectors"],"fullName":" Vector Utilities weightedAverageVectors should throw error if weights do not sum to 1","status":"passed","title":"should throw error if weights do not sum to 1","duration":0,"failureMessages":[]}],"startTime":1788815294244,"endTime":1788815294254,"status":"passed","message":"","name":"C:/Users/17175/.codex-work/whats-poppin-p00-20260907/tests/ai/utils.test.ts"},{"assertionResults":[{"ancestorTitles":[""],"fullName":" discovers the real API route tree","status":"passed","title":"discovers the real API route tree","duration":3,"failureMessages":[]},{"ancestorTitles":[""],"fullName":" GET /api/health is contained: anonymous, no body","status":"passed","title":"GET /api/health is contained: anonymous, no body","duration":41,"failureMessages":[]},{"ancestorTitles":[""],"fullName":" GET /api/health is contained: credential, no body","status":"passed","title":"GET /api/health is contained: credential, no body","duration":2,"failureMessages":[]},{"ancestorTitles":[""],"fullName":" POST /api/ai/search-conversation is contained: anonymous, malformed body","status":"passed","title":"POST /api/ai/search-conversation is contained: anonymous, malformed body","duration":36,"failureMessages":[]},{"ancestorTitles":[""],"fullName":" POST /api/ai/search-conversation is contained: anonymous, valid body","status":"passed","title":"POST /api/ai/search-conversation is contained: anonymous, valid body","duration":3,"failureMessages":[]},{"ancestorTitles":[""],"fullName":" POST /api/ai/search-conversation is contained: credential, malformed body","status":"passed","title":"POST /api/ai/search-conversation is contained: credential, malformed body","duration":2,"failureMessages":[]},{"ancestorTitles":[""],"fullName":" POST /api/ai/search-conversation is contained: credential, valid body","status":"passed","title":"POST /api/ai/search-conversation is contained: credential, valid body","duration":2,"failureMessages":[]},{"ancestorTitles":[""],"fullName":" POST /api/ai/recommend-events is contained: anonymous, malformed body","status":"passed","title":"POST /api/ai/recommend-events is contained: anonymous, malformed body","duration":25,"failureMessages":[]},{"ancestorTitles":[""],"fullName":" POST /api/ai/recommend-events is contained: anonymous, valid body","status":"passed","title":"POST /api/ai/recommend-events is contained: anonymous, valid body","duration":2,"failureMessages":[]},{"ancestorTitles":[""],"fullName":" POST /api/ai/recommend-events is contained: credential, malformed body","status":"passed","title":"POST /api/ai/recommend-events is contained: credential, malformed body","duration":3,"failureMessages":[]},{"ancestorTitles":[""],"fullName":" POST /api/ai/recommend-events is contained: credential, valid body","status":"passed","title":"POST /api/ai/recommend-events is contained: credential, valid body","duration":2,"failureMessages":[]},{"ancestorTitles":[""],"fullName":" POST /api/ai/generate-design is contained: anonymous, malformed body","status":"passed","title":"POST /api/ai/generate-design is contained: anonymous, malformed body","duration":25,"failureMessages":[]},{"ancestorTitles":[""],"fullName":" POST /api/ai/generate-design is contained: anonymous, valid body","status":"passed","title":"POST /api/ai/generate-design is contained: anonymous, valid body","duration":2,"failureMessages":[]},{"ancestorTitles":[""],"fullName":" POST /api/ai/generate-design is contained: credential, malformed body","status":"passed","title":"POST /api/ai/generate-design is contained: credential, malformed body","duration":2,"failureMessages":[]},{"ancestorTitles":[""],"fullName":" POST /api/ai/generate-design is contained: credential, valid body","status":"passed","title":"POST /api/ai/generate-design is contained: credential, valid body","duration":1,"failureMessages":[]},{"ancestorTitles":[""],"fullName":" POST /api/ai/refine-design is contained: anonymous, malformed body","status":"passed","title":"POST /api/ai/refine-design is contained: anonymous, malformed body","duration":11,"failureMessages":[]},{"ancestorTitles":[""],"fullName":" POST /api/ai/refine-design is contained: anonymous, valid body","status":"passed","title":"POST /api/ai/refine-design is contained: anonymous, valid body","duration":2,"failureMessages":[]},{"ancestorTitles":[""],"fullName":" POST /api/ai/refine-design is contained: credential, malformed body","status":"passed","title":"POST /api/ai/refine-design is contained: credential, malformed body","duration":1,"failureMessages":[]},{"ancestorTitles":[""],"fullName":" POST /api/ai/refine-design is contained: credential, valid body","status":"passed","title":"POST /api/ai/refine-design is contained: credential, valid body","duration":2,"failureMessages":[]},{"ancestorTitles":[""],"fullName":" POST /api/embeddings is contained: anonymous, malformed body","status":"passed","title":"POST /api/embeddings is contained: anonymous, malformed body","duration":8,"failureMessages":[]},{"ancestorTitles":[""],"fullName":" POST /api/embeddings is contained: anonymous, valid body","status":"passed","title":"POST /api/embeddings is contained: anonymous, valid body","duration":1,"failureMessages":[]},{"ancestorTitles":[""],"fullName":" POST /api/embeddings is contained: credential, malformed body","status":"passed","title":"POST /api/embeddings is contained: credential, malformed body","duration":1,"failureMessages":[]},{"ancestorTitles":[""],"fullName":" POST /api/embeddings is contained: credential, valid body","status":"passed","title":"POST /api/embeddings is contained: credential, valid body","duration":2,"failureMessages":[]},{"ancestorTitles":[""],"fullName":" POST /api/embeddings/batch is contained: anonymous, malformed body","status":"passed","title":"POST /api/embeddings/batch is contained: anonymous, malformed body","duration":21,"failureMessages":[]},{"ancestorTitles":[""],"fullName":" POST /api/embeddings/batch is contained: anonymous, valid body","status":"passed","title":"POST /api/embeddings/batch is contained: anonymous, valid body","duration":1,"failureMessages":[]},{"ancestorTitles":[""],"fullName":" POST /api/embeddings/batch is contained: credential, malformed body","status":"passed","title":"POST /api/embeddings/batch is contained: credential, malformed body","duration":1,"failureMessages":[]},{"ancestorTitles":[""],"fullName":" POST /api/embeddings/batch is contained: credential, valid body","status":"passed","title":"POST /api/embeddings/batch is contained: credential, valid body","duration":1,"failureMessages":[]},{"ancestorTitles":[""],"fullName":" GET /api/cron/update-embeddings is contained: credential, no body","status":"passed","title":"GET /api/cron/update-embeddings is contained: credential, no body","duration":4,"failureMessages":[]},{"ancestorTitles":[""],"fullName":" GET /api/cron/update-recommendations is contained: credential, no body","status":"passed","title":"GET /api/cron/update-recommendations is contained: credential, no body","duration":2,"failureMessages":[]},{"ancestorTitles":[""],"fullName":" GET /api/events/[id]/similar is contained: anonymous, no body","status":"passed","title":"GET /api/events/[id]/similar is contained: anonymous, no body","duration":16,"failureMessages":[]},{"ancestorTitles":[""],"fullName":" GET /api/events/[id]/similar is contained: credential, no body","status":"passed","title":"GET /api/events/[id]/similar is contained: credential, no body","duration":2,"failureMessages":[]},{"ancestorTitles":[""],"fullName":" GET /api/events/[id]/design is contained: anonymous, no body","status":"passed","title":"GET /api/events/[id]/design is contained: anonymous, no body","duration":7,"failureMessages":[]},{"ancestorTitles":[""],"fullName":" GET /api/events/[id]/design is contained: credential, no body","status":"passed","title":"GET /api/events/[id]/design is contained: credential, no body","duration":1,"failureMessages":[]},{"ancestorTitles":[""],"fullName":" PUT /api/events/[id]/design is contained: anonymous, malformed body","status":"passed","title":"PUT /api/events/[id]/design is contained: anonymous, malformed body","duration":1,"failureMessages":[]},{"ancestorTitles":[""],"fullName":" PUT /api/events/[id]/design is contained: anonymous, valid body","status":"passed","title":"PUT /api/events/[id]/design is contained: anonymous, valid body","duration":1,"failureMessages":[]},{"ancestorTitles":[""],"fullName":" PUT /api/events/[id]/design is contained: credential, malformed body","status":"passed","title":"PUT /api/events/[id]/design is contained: credential, malformed body","duration":1,"failureMessages":[]},{"ancestorTitles":[""],"fullName":" PUT /api/events/[id]/design is contained: credential, valid body","status":"passed","title":"PUT /api/events/[id]/design is contained: credential, valid body","duration":1,"failureMessages":[]},{"ancestorTitles":[""],"fullName":" GET /api/preferences is contained: anonymous, no body","status":"passed","title":"GET /api/preferences is contained: anonymous, no body","duration":7,"failureMessages":[]},{"ancestorTitles":[""],"fullName":" GET /api/preferences is contained: credential, no body","status":"passed","title":"GET /api/preferences is contained: credential, no body","duration":1,"failureMessages":[]},{"ancestorTitles":[""],"fullName":" POST /api/preferences is contained: anonymous, malformed body","status":"passed","title":"POST /api/preferences is contained: anonymous, malformed body","duration":1,"failureMessages":[]},{"ancestorTitles":[""],"fullName":" POST /api/preferences is contained: anonymous, valid body","status":"passed","title":"POST /api/preferences is contained: anonymous, valid body","duration":1,"failureMessages":[]},{"ancestorTitles":[""],"fullName":" POST /api/preferences is contained: credential, malformed body","status":"passed","title":"POST /api/preferences is contained: credential, malformed body","duration":1,"failureMessages":[]},{"ancestorTitles":[""],"fullName":" POST /api/preferences is contained: credential, valid body","status":"passed","title":"POST /api/preferences is contained: credential, valid body","duration":1,"failureMessages":[]},{"ancestorTitles":[""],"fullName":" POST /api/interactions is contained: anonymous, malformed body","status":"passed","title":"POST /api/interactions is contained: anonymous, malformed body","duration":6,"failureMessages":[]},{"ancestorTitles":[""],"fullName":" POST /api/interactions is contained: anonymous, valid body","status":"passed","title":"POST /api/interactions is contained: anonymous, valid body","duration":2,"failureMessages":[]},{"ancestorTitles":[""],"fullName":" POST /api/interactions is contained: credential, malformed body","status":"passed","title":"POST /api/interactions is contained: credential, malformed body","duration":2,"failureMessages":[]},{"ancestorTitles":[""],"fullName":" POST /api/interactions is contained: credential, valid body","status":"passed","title":"POST /api/interactions is contained: credential, valid body","duration":1,"failureMessages":[]},{"ancestorTitles":[""],"fullName":" GET /api/recommendations is contained: anonymous, no body","status":"passed","title":"GET /api/recommendations is contained: anonymous, no body","duration":7,"failureMessages":[]},{"ancestorTitles":[""],"fullName":" GET /api/recommendations is contained: credential, no body","status":"passed","title":"GET /api/recommendations is contained: credential, no body","duration":2,"failureMessages":[]},{"ancestorTitles":[""],"fullName":" the no-provider-work oracle rejects an invoked dependency","status":"passed","title":"the no-provider-work oracle rejects an invoked dependency","duration":3,"failureMessages":[]},{"ancestorTitles":[""],"fullName":" the no-database-work oracle rejects an invoked dependency","status":"passed","title":"the no-database-work oracle rejects an invoked dependency","duration":1,"failureMessages":[]}],"startTime":1788815294279,"endTime":1788815294554,"status":"passed","message":"","name":"C:/Users/17175/.codex-work/whats-poppin-p00-20260907/tests/api/containment.test.ts"},{"assertionResults":[{"ancestorTitles":["","embeddings cron authorization"],"fullName":" embeddings cron authorization rejects secret=undefined header=undefined before work","status":"passed","title":"rejects secret=undefined header=undefined before work","duration":15,"failureMessages":[]},{"ancestorTitles":["","embeddings cron authorization"],"fullName":" embeddings cron authorization rejects secret=undefined header=Bearer undefined before work","status":"passed","title":"rejects secret=undefined header=Bearer undefined before work","duration":2,"failureMessages":[]},{"ancestorTitles":["","embeddings cron authorization"],"fullName":" embeddings cron authorization rejects secret= header=Bearer before work","status":"passed","title":"rejects secret= header=Bearer before work","duration":1,"failureMessages":[]},{"ancestorTitles":["","embeddings cron authorization"],"fullName":" embeddings cron authorization rejects secret=    header=Bearer     before work","status":"passed","title":"rejects secret=    header=Bearer     before work","duration":3,"failureMessages":[]},{"ancestorTitles":["","embeddings cron authorization"],"fullName":" embeddings cron authorization rejects secret=real-secret header=undefined before work","status":"passed","title":"rejects secret=real-secret header=undefined before work","duration":2,"failureMessages":[]},{"ancestorTitles":["","embeddings cron authorization"],"fullName":" embeddings cron authorization rejects secret=real-secret header=Bearer wrong-secret before work","status":"passed","title":"rejects secret=real-secret header=Bearer wrong-secret before work","duration":2,"failureMessages":[]},{"ancestorTitles":["","embeddings cron authorization"],"fullName":" embeddings cron authorization allows configured credential real-secret but pauses unfinished work","status":"passed","title":"allows configured credential real-secret but pauses unfinished work","duration":2,"failureMessages":[]},{"ancestorTitles":["","embeddings cron authorization"],"fullName":" embeddings cron authorization allows configured credential 5cc84e74-bd34-47eb-a033-5274667b274d but pauses unfinished work","status":"passed","title":"allows configured credential 5cc84e74-bd34-47eb-a033-5274667b274d but pauses unfinished work","duration":1,"failureMessages":[]},{"ancestorTitles":["","embeddings cron authorization"],"fullName":" embeddings cron authorization does not start failing dependencies after valid authorization","status":"passed","title":"does not start failing dependencies after valid authorization","duration":5,"failureMessages":[]},{"ancestorTitles":["","recommendations cron authorization"],"fullName":" recommendations cron authorization rejects secret=undefined header=undefined before work","status":"passed","title":"rejects secret=undefined header=undefined before work","duration":2,"failureMessages":[]},{"ancestorTitles":["","recommendations cron authorization"],"fullName":" recommendations cron authorization rejects secret=undefined header=Bearer undefined before work","status":"passed","title":"rejects secret=undefined header=Bearer undefined before work","duration":1,"failureMessages":[]},{"ancestorTitles":["","recommendations cron authorization"],"fullName":" recommendations cron authorization rejects secret= header=Bearer before work","status":"passed","title":"rejects secret= header=Bearer before work","duration":1,"failureMessages":[]},{"ancestorTitles":["","recommendations cron authorization"],"fullName":" recommendations cron authorization rejects secret=    header=Bearer     before work","status":"passed","title":"rejects secret=    header=Bearer     before work","duration":3,"failureMessages":[]},{"ancestorTitles":["","recommendations cron authorization"],"fullName":" recommendations cron authorization rejects secret=real-secret header=undefined before work","status":"passed","title":"rejects secret=real-secret header=undefined before work","duration":1,"failureMessages":[]},{"ancestorTitles":["","recommendations cron authorization"],"fullName":" recommendations cron authorization rejects secret=real-secret header=Bearer wrong-secret before work","status":"passed","title":"rejects secret=real-secret header=Bearer wrong-secret before work","duration":1,"failureMessages":[]},{"ancestorTitles":["","recommendations cron authorization"],"fullName":" recommendations cron authorization allows configured credential real-secret but pauses unfinished work","status":"passed","title":"allows configured credential real-secret but pauses unfinished work","duration":1,"failureMessages":[]},{"ancestorTitles":["","recommendations cron authorization"],"fullName":" recommendations cron authorization allows configured credential 06711c4c-ca5e-4335-b40f-282432e28296 but pauses unfinished work","status":"passed","title":"allows configured credential 06711c4c-ca5e-4335-b40f-282432e28296 but pauses unfinished work","duration":2,"failureMessages":[]},{"ancestorTitles":["","recommendations cron authorization"],"fullName":" recommendations cron authorization does not start failing dependencies after valid authorization","status":"passed","title":"does not start failing dependencies after valid authorization","duration":1,"failureMessages":[]}],"startTime":1788815294371,"endTime":1788815294418,"status":"passed","message":"","name":"C:/Users/17175/.codex-work/whats-poppin-p00-20260907/tests/api/cron-auth.test.ts"}]}